
‚Ėą‚Ėą‚Ėą‚Ėą‚Ėą‚Ėą‚Ėą‚Ėą‚ēó‚Ėą‚Ėą‚ēó   ‚Ėą‚Ėą‚ēó‚Ėą‚Ėą‚Ėą‚ēó   ‚Ėą‚Ėą‚ēó‚Ėą‚Ėą‚ēó‚Ėą‚Ėą‚Ėą‚Ėą‚Ėą‚Ėą‚Ėą‚Ėą‚ēó
‚ēö‚ēź‚ēź‚Ėą‚Ėą‚ēĒ‚ēź‚ēź‚ēĚ‚Ėą‚Ėą‚ēĎ   ‚Ėą‚Ėą‚ēĎ‚Ėą‚Ėą‚Ėą‚Ėą‚ēó  ‚Ėą‚Ėą‚ēĎ‚Ėą‚Ėą‚ēĎ‚ēö‚ēź‚ēź‚Ėą‚Ėą‚ēĒ‚ēź‚ēź‚ēĚ
   ‚Ėą‚Ėą‚ēĎ   ‚Ėą‚Ėą‚ēĎ   ‚Ėą‚Ėą‚ēĎ‚Ėą‚Ėą‚ēĒ‚Ėą‚Ėą‚ēó ‚Ėą‚Ėą‚ēĎ‚Ėą‚Ėą‚ēĎ   ‚Ėą‚Ėą‚ēĎ
   ‚Ėą‚Ėą‚ēĎ   ‚Ėą‚Ėą‚ēĎ   ‚Ėą‚Ėą‚ēĎ‚Ėą‚Ėą‚ēĎ‚ēö‚Ėą‚Ėą‚ēó‚Ėą‚Ėą‚ēĎ‚Ėą‚Ėą‚ēĎ   ‚Ėą‚Ėą‚ēĎ
   ‚Ėą‚Ėą‚ēĎ   ‚ēö‚Ėą‚Ėą‚Ėą‚Ėą‚Ėą‚Ėą‚ēĒ‚ēĚ‚Ėą‚Ėą‚ēĎ ‚ēö‚Ėą‚Ėą‚Ėą‚Ėą‚ēĎ‚Ėą‚Ėą‚ēĎ   ‚Ėą‚Ėą‚ēĎ
   ‚ēö‚ēź‚ēĚ    ‚ēö‚ēź‚ēź‚ēź‚ēź‚ēź‚ēĚ ‚ēö‚ēź‚ēĚ  ‚ēö‚ēź‚ēź‚ēź‚ēĚ‚ēö‚ēź‚ēĚ   ‚ēö‚ēź‚ēĚ

   TUnit v1.13.11.0 | 64-bit | Ubuntu 22.04.5 LTS | linux-x64 | .NET 10.0.9 | Microsoft Testing Platform v2.1.0

   Engine Mode: SourceGenerated

failed OnAsk_OnMessageChannel_FiresPreSerialise (11ms)
  TUnit.Engine.Exceptions.TestFailedException: NullReferenceException: Object reference not set to an instance of an object.
    at app.data.this..ctor(String name, Object value, this type, this parent, this context) in /workspace/plang/PLang/app/data/this.cs:259
    at app.data.this.Ok(Object value, this type) in /workspace/plang/PLang/app/data/this.Result.cs:73
    at PLang.Tests.App.ChannelsTests.Stage8_ChannelEventsTests.MessageProbeChannel.Ask(ask action, CancellationToken ct) in /workspace/plang/PLang.Tests/Wire/App/ChannelsTests/Stage8_ChannelEventsTests.cs:295
    at app.channel.this.AskAsync(ask action, CancellationToken ct) in /workspace/plang/PLang/app/channel/this.cs:163
    at PLang.Tests.App.ChannelsTests.Stage8_ChannelEventsTests.OnAsk_OnMessageChannel_FiresPreSerialise() in /workspace/plang/PLang.Tests/Wire/App/ChannelsTests/Stage8_ChannelEventsTests.cs:206
skipped Decompress_AfterCompress_PreservesProperties (0ms)
  Serializing within an actor now signs the inner payload, so compressed/hashed bytes are a signature LAYER. The archived wire shape and compress/hash-over-signature round-trip need the archive-as-layer design (deferred). NOTE: Decompress currently loses the inner value through this path - see todos.md.
skipped Compress_RoutesThrough_RegisteredApplicationPlangSerializer (0ms)
  Serializing within an actor now signs the inner payload, so compressed/hashed bytes are a signature LAYER. The archived wire shape and compress/hash-over-signature round-trip need the archive-as-layer design (deferred). NOTE: Decompress currently loses the inner value through this path - see todos.md.
skipped Decompress_AfterCompress_PreservesNameAndValue (0ms)
  Serializing within an actor now signs the inner payload, so compressed/hashed bytes are a signature LAYER. The archived wire shape and compress/hash-over-signature round-trip need the archive-as-layer design (deferred). NOTE: Decompress currently loses the inner value through this path - see todos.md.
failed Actions_DeferredSource_MaterializesThroughReader (112ms)
  TUnit.Engine.Exceptions.TestFailedException: KeyNotFoundException: No PLang type registered under name 'actions'.
    at app.type.list.this.get_Item(String typeName) in /workspace/plang/PLang/app/type/list/this.cs:274
    at app.type.this.Create(Object raw, this context, String format) in /workspace/plang/PLang/app/type/this.cs:273
    at PLang.Tests.App.Serialization.ActionsReaderRoundTripTests.Actions_DeferredSource_MaterializesThroughReader() in /workspace/plang/PLang.Tests/Wire/App/Serialization/ActionsReaderRoundTripTests.cs:22
    at PLang.Tests.App.Serialization.ActionsReaderRoundTripTests.Actions_DeferredSource_MaterializesThroughReader() in /workspace/plang/PLang.Tests/Wire/App/Serialization/ActionsReaderRoundTripTests.cs:29
skipped SigningVerify_AfterWireByteTamper_ReturnsDataHashMismatch (0ms)
  Serializing within an actor now signs the inner payload, so compressed/hashed bytes are a signature LAYER. The archived wire shape and compress/hash-over-signature round-trip need the archive-as-layer design (deferred). NOTE: Decompress currently loses the inner value through this path - see todos.md.
skipped Cut1_CryptoVerify_SucceedsAgainstWireBytes (0ms)
  Serializing within an actor now signs the inner payload, so compressed/hashed bytes are a signature LAYER. The archived wire shape and compress/hash-over-signature round-trip need the archive-as-layer design (deferred). NOTE: Decompress currently loses the inner value through this path - see todos.md.
skipped Cut2_OuterWireJson_HasArchivedTypeBytesValueAndSignature (0ms)
  Serializing within an actor now signs the inner payload, so compressed/hashed bytes are a signature LAYER. The archived wire shape and compress/hash-over-signature round-trip need the archive-as-layer design (deferred). NOTE: Decompress currently loses the inner value through this path - see todos.md.
skipped Cut2_Decompress_ReturnsOriginalWithInnerSignaturePreserved (0ms)
  Serializing within an actor now signs the inner payload, so compressed/hashed bytes are a signature LAYER. The archived wire shape and compress/hash-over-signature round-trip need the archive-as-layer design (deferred). NOTE: Decompress currently loses the inner value through this path - see todos.md.
skipped Cut2_TamperingValueByte_FailsOuterSignatureVerify (0ms)
  Serializing within an actor now signs the inner payload, so compressed/hashed bytes are a signature LAYER. The archived wire shape and compress/hash-over-signature round-trip need the archive-as-layer design (deferred). NOTE: Decompress currently loses the inner value through this path - see todos.md.
failed Cut4_TamperingPropertyValue_FailsOuterSignatureVerify (67ms)
  TUnit.Engine.Exceptions.TestFailedException: AssertionException: Expected to be false, because Expected failure but Data succeeded with value: true
  but found True
  
  at Assert.That(data.Success).IsFalse().Because("Expected failure but Data succeeded with value: true")
failed Serialize_Object_IgnoresNullProperties (4ms)
  TUnit.Engine.Exceptions.TestFailedException: NullReferenceException: Object reference not set to an instance of an object.
    at PLang.Tests.App.Serialization.JsonStreamSerializerTests.Serialize_Object_IgnoresNullProperties() in /workspace/plang/PLang.Tests/Wire/App/Serialization/JsonStreamSerializerTests.cs:89
failed Json_WithModifier_ReturnsNewInstance_WithModifierOnResolver (31ms)
  TUnit.Engine.Exceptions.TestFailedException: AssertionException: Expected to be true
  but found False
  
  at Assert.That(fired).IsTrue()
failed Json_WithConverter_ReturnsNewInstance_WithConverterRegistered (45ms)
  TUnit.Engine.Exceptions.TestFailedException: AssertionException: Expected to contain "probe:hello"
  but found ""hello""
  
  at Assert.That(wire).Contains("probe:hello")
failed WithIndentation_ProducesFormattedOutput (6ms)
  TUnit.Engine.Exceptions.TestFailedException: AssertionException: Expected to contain "
  "
  but found "{"name":"test"}"
  
  at Assert.That(json).Contains("\n")
failed Roundtrip_StreamBased_PreservesData (5ms)
  TUnit.Engine.Exceptions.TestFailedException: NullReferenceException: Object reference not set to an instance of an object.
    at PLang.Tests.App.Serialization.JsonStreamSerializerTests.Roundtrip_StreamBased_PreservesData() in /workspace/plang/PLang.Tests/Wire/App/Serialization/JsonStreamSerializerTests.cs:293
failed Roundtrip_PreservesData (2ms)
  TUnit.Engine.Exceptions.TestFailedException: NullReferenceException: Object reference not set to an instance of an object.
    at PLang.Tests.App.Serialization.JsonStreamSerializerTests.Roundtrip_PreservesData() in /workspace/plang/PLang.Tests/Wire/App/Serialization/JsonStreamSerializerTests.cs:275
failed Serialize_Enum_UsesCamelCase (2ms)
  TUnit.Engine.Exceptions.TestFailedException: AssertionException: Expected to contain "active"
  but found "{"status":"Active"}"
  
  at Assert.That(json).Contains("active")
failed OuterSignature_AfterPropertiesValueTamper_FailsVerify (72ms)
  TUnit.Engine.Exceptions.TestFailedException: AssertionException: Expected to be false, because Expected failure but Data succeeded with value: true
  but found True
  
  at Assert.That(data.Success).IsFalse().Because("Expected failure but Data succeeded with value: true")
failed Properties_RoundTrip_ListOfPrimitives (80ms)
  TUnit.Engine.Exceptions.TestFailedException: AssertionException: Expected to be equal to "three"
  but found "System.Collections.Generic.Dictionary`2[System.String,System.Object]"
  
  at Assert.That((roundList[2])?.ToString()).IsEqualTo("three")
failed Properties_RoundTrip_NestedDictOfPrimitives (99ms)
  TUnit.Engine.Exceptions.TestFailedException: AssertionException: Expected to be equal to 100
  but found System.Collections.Generic.Dictionary`2[System.String,System.Object]
  
  at Assert.That(roundDict!["cost"]).IsEqualTo(100L)
failed SignatureType_XmlDoc_NoLongerMentionsEnvelope (2ms)
  TUnit.Engine.Exceptions.TestFailedException: DirectoryNotFoundException: Could not find a part of the path '/workspace/plang/PLang/app/type/signature/this.cs'.
    at Interop.ThrowExceptionForIoErrno(ErrorInfo errorInfo, String path, Boolean isDirError)
    at Microsoft.Win32.SafeHandles.SafeFileHandle.Open(String path, OpenFlags flags, Int32 mode, Boolean failForSymlink, Boolean& wasSymlink, Func`4 createOpenException)
    at Microsoft.Win32.SafeHandles.SafeFileHandle.Open(String fullPath, FileMode mode, FileAccess access, FileShare share, FileOptions options, Int64 preallocationSize, UnixFileMode openPermissions, Int64& fileLength, UnixFileMode& filePermissions, Boolean failForSymlink, Boolean& wasSymlink, Func`4 createOpenException)
    at System.IO.Strategies.OSFileStreamStrategy..ctor(String path, FileMode mode, FileAccess access, FileShare share, FileOptions options, Int64 preallocationSize, Nullable`1 unixCreateMode)
    at System.IO.FileStream..ctor(String path, FileMode mode, FileAccess access, FileShare share, Int32 bufferSize, FileOptions options, Int64 preallocationSize)
    at System.IO.File.AsyncStreamReader(String path, Encoding encoding)
    at System.IO.File.InternalReadAllTextAsync(String path, Encoding encoding, CancellationToken cancellationToken)
    at PLang.Tests.App.Serialization.TransportRenameTests.SignatureType_XmlDoc_NoLongerMentionsEnvelope() in /workspace/plang/PLang.Tests/Wire/App/Serialization/TransportRenameTests.cs:35
failed Serialize_Object_ReturnsJson (22ms)
  TUnit.Engine.Exceptions.TestFailedException: AssertionException: Expected to contain "name"
  but found "{"Name":"test"}"
  
  at Assert.That(result).Contains("name")
failed Deserialize_ShallowNesting_StillWorks (1ms)
  TUnit.Engine.Exceptions.TestFailedException: AssertionException: Expected to be true, because Data failed: [PlangDeserializeError] Plang deserialize failed: invalid .pr schema: value slot 'a' has no declared type. Value was: {"name":"a","value":{"name":"a","value":{"name":"a","value":{"name":"a","value":{"name":"a","value":{"name":"a","value":‚Ä¶
  but found False
  
  at Assert.That(data.Success).IsTrue().Because("Data failed: [PlangDeserializeError] Plang deserialize failed: invalid .pr schema: value slot 'a' has no declared type. Value was: {"name":"a","value":{"name":"a","value":{"name":"a","value":{"name":"a","value":{"name":"a","value":{"name":"a","value":‚Ä¶")
failed Sensitive_WorksAlongsideViewAttributes (10ms)
  TUnit.Engine.Exceptions.TestFailedException: AssertionException: Expected to not contain "secret456"
  but found "secret456" in "{"name":"test","publicKey":"pubkey123","privateKey":"secret456","isDefault":true,"isArchived":false,"created":"0001-01-01T00:00:00+00:00"}"
  
  at Assert.That(storeJson).DoesNotContain("secret456")
failed AssertionError_Message_MasksSensitiveViaDiagnosticOutput (5ms)
  TUnit.Engine.Exceptions.TestFailedException: AssertionException: Expected to not contain "topsecret-PLAINTEXT-777"
  but found "topsecret-PLAINTEXT-777" in "Expected: "nope", Actual: LeakySecretRecord { Name = alice, Secret = topsecret-PLAINTEXT-777 }"
  
  at Assert.That(error.Message).DoesNotContain("topsecret-PLAINTEXT-777")
failed Sensitive_IdentityData_PrivateKeyExcluded (32ms)
  TUnit.Engine.Exceptions.TestFailedException: NullReferenceException: Object reference not set to an instance of an object.
    at app.module.identity.Create.Run() in /workspace/plang/PLang/app/module/identity/create.cs:25
    at PLang.Tests.App.Serializers.SensitivePropertyFilterTests.Sensitive_IdentityData_PrivateKeyExcluded() in /workspace/plang/PLang.Tests/Wire/App/Serializers/SensitivePropertyFilterTests.cs:203
Allow User to execute //nonexistent/ghost-provider.dll? (y/n/a)
failed TypedSnapshotString_NavigateEditResume_PersistsEdit (244ms)
  TUnit.Engine.Exceptions.TestFailedException: NotSupportedException: no reader for type 'snapshot' ‚ÄĒ a value type must own app/type/snapshot/serializer/Reader.cs.
    at app.type.reader.this.Reader(String typeName, String kind, this context) in /workspace/plang/PLang/app/type/reader/this.cs:119
    at app.channel.serializer.Text.Read(source source, ReadContext ctx) in /workspace/plang/PLang/app/channel/serializer/Text.cs:87
    at app.type.item.source.Read() in /workspace/plang/PLang/app/type/item/source.cs:182
    at app.type.item.source.Value(this data) in /workspace/plang/PLang/app/type/item/source.cs:139
    at app.data.this.Value() in /workspace/plang/PLang/app/data/this.cs:318
    at app.data.this.Value[T]() in /workspace/plang/PLang/app/data/this.cs:518
    at PLang.Tests.App.SnapshotTests.SnapshotWireTests.TypedSnapshotString_NavigateEditResume_PersistsEdit() in /workspace/plang/PLang.Tests/Wire/App/SnapshotTests/SnapshotWireTests.cs:385
failed NavigateAndEditCapturedVariable_ThenResumeToSuccess (295ms)
  TUnit.Engine.Exceptions.TestFailedException: InvalidCastException: Unable to cast object of type 'app.type.item.null.this' to type 'System.IConvertible'.
    at System.Convert.ToInt64(Object value)
    at PLang.Tests.App.SnapshotTests.SnapshotWireTests.NavigateAndEditCapturedVariable_ThenResumeToSuccess() in /workspace/plang/PLang.Tests/Wire/App/SnapshotTests/SnapshotWireTests.cs:421
failed PlangPath_AsSnapshotConvert_EditSurvivesResume (216ms)
  TUnit.Engine.Exceptions.TestFailedException: NotSupportedException: no reader for type 'snapshot' ‚ÄĒ a value type must own app/type/snapshot/serializer/Reader.cs.
    at app.type.reader.this.Reader(String typeName, String kind, this context) in /workspace/plang/PLang/app/type/reader/this.cs:119
    at app.channel.serializer.Text.Read(source source, ReadContext ctx) in /workspace/plang/PLang/app/channel/serializer/Text.cs:87
    at app.type.item.source.Read() in /workspace/plang/PLang/app/type/item/source.cs:182
    at app.type.item.source.Value(this data) in /workspace/plang/PLang/app/type/item/source.cs:139
    at app.data.this.Value() in /workspace/plang/PLang/app/data/this.cs:318
    at PLang.Tests.App.SnapshotTests.SnapshotWireTests.PlangPath_AsSnapshotConvert_EditSurvivesResume() in /workspace/plang/PLang.Tests/Wire/App/SnapshotTests/SnapshotWireTests.cs:275
failed CallStackFrames_Scalars_RoundTripWithIntTyping (223ms)
  TUnit.Engine.Exceptions.TestFailedException: InvalidOperationException: Snapshot could not be rebuilt from wire JSON
    at app.this.SnapshotFromWire(String json, this context) in /workspace/plang/PLang/app/this.SnapshotWire.cs:35
    at PLang.Tests.App.SnapshotTests.SnapshotWireTests.RoundTrip(this app, this snap) in /workspace/plang/PLang.Tests/Wire/App/SnapshotTests/SnapshotWireTests.cs:13
    at PLang.Tests.App.SnapshotTests.SnapshotWireTests.CallStackFrames_Scalars_RoundTripWithIntTyping() in /workspace/plang/PLang.Tests/Wire/App/SnapshotTests/SnapshotWireTests.cs:93
skipped ErrorsTrail_SurvivesWireRoundTrip_WithContentAndId (0ms)
  Deferred to the snapshot-wire redesign. The snapshot's Data-normalization serializes each IError as an empty [Out] property bag instead of deferring to ErrorWire, so Message is dropped on round-trip. Re-asserted against the new snapshot model.
failed SerializedString_ConvertsToSnapshotViaTypeSystem_AndResumesToSuccess (227ms)
  TUnit.Engine.Exceptions.TestFailedException: AssertionException: Expected to not be null
  but value is null
  
  at Assert.That(converted).IsNotNull()
failed EndToEnd_SuspendedState_SurvivesDisk_AndResumesToSuccess (229ms)
  TUnit.Engine.Exceptions.TestFailedException: InvalidOperationException: Snapshot could not be rebuilt from wire JSON
    at app.this.SnapshotFromWire(String json, this context) in /workspace/plang/PLang/app/this.SnapshotWire.cs:35
    at app.this.ResumeFromWire(String json, this context) in /workspace/plang/PLang/app/this.SnapshotWire.cs:47
    at PLang.Tests.App.SnapshotTests.SnapshotWireTests.EndToEnd_SuspendedState_SurvivesDisk_AndResumesToSuccess() in /workspace/plang/PLang.Tests/Wire/App/SnapshotTests/SnapshotWireTests.cs:137
failed MidStackChain_SurvivesDisk_ResumesDeep_AndUnwindsToEntryGoal (287ms)
  TUnit.Engine.Exceptions.TestFailedException: NullReferenceException: Object reference not set to an instance of an object.
    at PLang.Tests.App.SnapshotTests.SnapshotWireTests.MidStackChain_SurvivesDisk_ResumesDeep_AndUnwindsToEntryGoal() in /workspace/plang/PLang.Tests/Wire/App/SnapshotTests/SnapshotWireTests.cs:232
failed BuildAndTestingBits_SurviveWireRoundTrip (347ms)
  TUnit.Engine.Exceptions.TestFailedException: InvalidOperationException: Snapshot could not be rebuilt from wire JSON
    at app.this.SnapshotFromWire(String json, this context) in /workspace/plang/PLang/app/this.SnapshotWire.cs:35
    at PLang.Tests.App.SnapshotTests.SnapshotWireTests.RoundTrip(this app, this snap) in /workspace/plang/PLang.Tests/Wire/App/SnapshotTests/SnapshotWireTests.cs:13
    at PLang.Tests.App.SnapshotTests.SnapshotWireTests.BuildAndTestingBits_SurviveWireRoundTrip() in /workspace/plang/PLang.Tests/Wire/App/SnapshotTests/SnapshotWireTests.cs:38
failed Variables_SurviveWireRoundTrip_WithValueAndType (349ms)
  TUnit.Engine.Exceptions.TestFailedException: InvalidOperationException: Snapshot could not be rebuilt from wire JSON
    at app.this.SnapshotFromWire(String json, this context) in /workspace/plang/PLang/app/this.SnapshotWire.cs:35
    at PLang.Tests.App.SnapshotTests.SnapshotWireTests.RoundTrip(this app, this snap) in /workspace/plang/PLang.Tests/Wire/App/SnapshotTests/SnapshotWireTests.cs:13
    at PLang.Tests.App.SnapshotTests.SnapshotWireTests.Variables_SurviveWireRoundTrip_WithValueAndType() in /workspace/plang/PLang.Tests/Wire/App/SnapshotTests/SnapshotWireTests.cs:22
failed ThrowTimeSnapshot_EditSurvivesResume (349ms)
  TUnit.Engine.Exceptions.TestFailedException: NotSupportedException: no reader for type 'snapshot' ‚ÄĒ a value type must own app/type/snapshot/serializer/Reader.cs.
    at app.type.reader.this.Reader(String typeName, String kind, this context) in /workspace/plang/PLang/app/type/reader/this.cs:119
    at app.channel.serializer.Text.Read(source source, ReadContext ctx) in /workspace/plang/PLang/app/channel/serializer/Text.cs:87
    at app.type.item.source.Read() in /workspace/plang/PLang/app/type/item/source.cs:182
    at app.type.item.source.Value(this data) in /workspace/plang/PLang/app/type/item/source.cs:139
    at app.data.this.Value() in /workspace/plang/PLang/app/data/this.cs:318
    at PLang.Tests.App.SnapshotTests.SnapshotWireTests.ThrowTimeSnapshot_EditSurvivesResume() in /workspace/plang/PLang.Tests/Wire/App/SnapshotTests/SnapshotWireTests.cs:343
failed EmptyApp_WireIsValidJson_AndRestoresClean (818ms)
  TUnit.Engine.Exceptions.TestFailedException: InvalidOperationException: Snapshot could not be rebuilt from wire JSON
    at app.this.SnapshotFromWire(String json, this context) in /workspace/plang/PLang/app/this.SnapshotWire.cs:35
    at PLang.Tests.App.SnapshotTests.SnapshotWireTests.EmptyApp_WireIsValidJson_AndRestoresClean() in /workspace/plang/PLang.Tests/Wire/App/SnapshotTests/SnapshotWireTests.cs:442
failed Testing_RoundTrip_PreservesIsEnabled (553ms)
  TUnit.Engine.Exceptions.TestFailedException: AssertionException: Expected to be false
  but found True
  
  at Assert.That(dst.Test != null).IsFalse()

Test run summary: Failed! - /workspace/plang/PLang.Tests/Wire/bin/Debug/net10.0/PLang.Tests.Wire.dll (net10.0|x64)
  total: 494
  failed: 31
  succeeded: 454
  skipped: 9
  duration: 12s 332ms
