
‚Ėą‚Ėą‚Ėą‚Ėą‚Ėą‚Ėą‚Ėą‚Ėą‚ēó‚Ėą‚Ėą‚ēó   ‚Ėą‚Ėą‚ēó‚Ėą‚Ėą‚Ėą‚ēó   ‚Ėą‚Ėą‚ēó‚Ėą‚Ėą‚ēó‚Ėą‚Ėą‚Ėą‚Ėą‚Ėą‚Ėą‚Ėą‚Ėą‚ēó
‚ēö‚ēź‚ēź‚Ėą‚Ėą‚ēĒ‚ēź‚ēź‚ēĚ‚Ėą‚Ėą‚ēĎ   ‚Ėą‚Ėą‚ēĎ‚Ėą‚Ėą‚Ėą‚Ėą‚ēó  ‚Ėą‚Ėą‚ēĎ‚Ėą‚Ėą‚ēĎ‚ēö‚ēź‚ēź‚Ėą‚Ėą‚ēĒ‚ēź‚ēź‚ēĚ
   ‚Ėą‚Ėą‚ēĎ   ‚Ėą‚Ėą‚ēĎ   ‚Ėą‚Ėą‚ēĎ‚Ėą‚Ėą‚ēĒ‚Ėą‚Ėą‚ēó ‚Ėą‚Ėą‚ēĎ‚Ėą‚Ėą‚ēĎ   ‚Ėą‚Ėą‚ēĎ
   ‚Ėą‚Ėą‚ēĎ   ‚Ėą‚Ėą‚ēĎ   ‚Ėą‚Ėą‚ēĎ‚Ėą‚Ėą‚ēĎ‚ēö‚Ėą‚Ėą‚ēó‚Ėą‚Ėą‚ēĎ‚Ėą‚Ėą‚ēĎ   ‚Ėą‚Ėą‚ēĎ
   ‚Ėą‚Ėą‚ēĎ   ‚ēö‚Ėą‚Ėą‚Ėą‚Ėą‚Ėą‚Ėą‚ēĒ‚ēĚ‚Ėą‚Ėą‚ēĎ ‚ēö‚Ėą‚Ėą‚Ėą‚Ėą‚ēĎ‚Ėą‚Ėą‚ēĎ   ‚Ėą‚Ėą‚ēĎ
   ‚ēö‚ēź‚ēĚ    ‚ēö‚ēź‚ēź‚ēź‚ēź‚ēź‚ēĚ ‚ēö‚ēź‚ēĚ  ‚ēö‚ēź‚ēź‚ēź‚ēĚ‚ēö‚ēź‚ēĚ   ‚ēö‚ēź‚ēĚ

   TUnit v1.13.11.0 | 64-bit | Ubuntu 22.04.5 LTS | linux-x64 | .NET 10.0.9 | Microsoft Testing Platform v2.1.0

   Engine Mode: SourceGenerated

skipped NoRawScalarEscapes_ParseSeamSweep (1ms)
  Pre-existing: the Unwrap parse seam borns a raw String without a context, tripping the born-with-context guard. Not introduced here; fix tracked at the parent-branch level.
failed UnwrapJsonElement_Null_ProducesDataNullSingleton (24ms)
  TUnit.Engine.Exceptions.TestFailedException: ArgumentNullException: Value cannot be null. (Parameter 'context')
    at app.type.item.dict.this..ctor(Dictionary`2 backing, this context) in /workspace/plang/PLang/app/type/item/dict/this.cs:81
    at app.type.item.dict.this..ctor(this context) in /workspace/plang/PLang/app/type/item/dict/this.cs:52
    at app.type.item.serializer.json.ObjectLeaf(JsonElement element, Int32 depth) in /workspace/plang/PLang/app/type/item/serializer/json.cs:125
    at app.type.item.serializer.json.Parse(Object value, Int32 depth) in /workspace/plang/PLang/app/type/item/serializer/json.cs:83
    at app.data.this..ctor(String name, Object value, this type, this parent, this context) in /workspace/plang/PLang/app/data/this.cs:243
    at PLang.Tests.App.ScalarsAsNative.ConstructionBornNativeTests.Unwrap(String json) in /workspace/plang/PLang.Tests/Types/App/ScalarsAsNative/ConstructionBornNativeTests.cs:23
    at PLang.Tests.App.ScalarsAsNative.ConstructionBornNativeTests.UnwrapJsonElement_Null_ProducesDataNullSingleton() in /workspace/plang/PLang.Tests/Types/App/ScalarsAsNative/ConstructionBornNativeTests.cs:69
failed SetAsTextMd_NavigationResolvesKindFromVariableExpression (120ms)
  TUnit.Engine.Exceptions.TestFailedException: AssertionException: Expected to be equal to "text"
  but found "null"
  
  at Assert.That((await name.Value())?.ToString()).IsEqualTo("text")
failed Schema_Kinds_CoversAdvertisedAndExtensionFamilies (55ms)
  TUnit.Engine.Exceptions.TestFailedException: KeyNotFoundException: The given key 'number' was not present in the dictionary.
    at System.Collections.Generic.Dictionary`2.get_Item(TKey key)
    at PLang.Tests.App.TypeKindStrict.IntegrationCutsTests.Cut3_LlmSeesOneUnifiedVocabulary.Schema_Kinds_CoversAdvertisedAndExtensionFamilies() in /workspace/plang/PLang.Tests/Types/App/TypeKindStrict/IntegrationCutsTests/Cut3_LlmSeesOneUnifiedVocabulary.cs:17
    at PLang.Tests.App.TypeKindStrict.IntegrationCutsTests.Cut3_LlmSeesOneUnifiedVocabulary.Schema_Kinds_CoversAdvertisedAndExtensionFamilies() in /workspace/plang/PLang.Tests/Types/App/TypeKindStrict/IntegrationCutsTests/Cut3_LlmSeesOneUnifiedVocabulary.cs:23
failed Schema_Kinds_AdvertisesNumberPrecisions (66ms)
  TUnit.Engine.Exceptions.TestFailedException: AssertionException: Expected to be true
  but found False
  
  at Assert.That(kinds.ContainsKey("number")).IsTrue()
failed SetAsImage_MintsPathBackedHandle_NoReadAtSet (28ms)
  TUnit.Engine.Exceptions.TestFailedException: AssertionException: Expected to be true
  but found False
  
  at Assert.That((await stored!.Value()) is image).IsTrue()
failed Serialize_PathBackedImage_EmitsRealBytes_NotEmpty (32ms)
  TUnit.Engine.Exceptions.TestFailedException: AssertionException: Expected to contain "iVBOR"
  but found "{"@schema":"signature","type":"test-signing","nonce":"test-nonce","created":"1970-01-01T00:00:00+00:00","identity":"test-public-key","hash":{"type":"test","value":""},"signature":"","value":{"@schema":"data","type":{"name":"image","kind":"png"},"value":""}}"
  
  at Assert.That(json).Contains("iVBOR")
failed Serialize_WalksNestedImage_InsideDictionary (11ms)
  TUnit.Engine.Exceptions.TestFailedException: AssertionException: Expected to contain "iVBOR"
  but found "{"@schema":"signature","type":"test-signing","nonce":"test-nonce","created":"1970-01-01T00:00:00+00:00","identity":"test-public-key","hash":{"type":"test","value":""},"signature":"","value":{"@schema":"data","type":{"name":"dict"},"value":{"avatar":{"type":{"name":"image","kind":"png"},"value":""}}}}"
  
  at Assert.That(json).Contains("iVBOR")
failed Serialize_StrictMismatch_FailsCleanly_BeforeStreamWrite (33ms)
  TUnit.Engine.Exceptions.TestFailedException: AssertionException: Expected to be false, because Expected failure but Data succeeded with value: null
  but found True
  
  at Assert.That(data.Success).IsFalse().Because("Expected failure but Data succeeded with value: null")
failed Entity_Kinds_PopulatedForNumber (63ms)
  TUnit.Engine.Exceptions.TestFailedException: AssertionException: Expected to not be null
  but value is null
  
  at Assert.That(num.Kinds).IsNotNull()
failed Wire_Write_OmitsTypeForNullSentinel (1ms)
  TUnit.Engine.Exceptions.TestFailedException: AssertionException: Expected to be false
  but found True
  
  at Assert.That(json.Contains("\"type\"")).IsFalse()
failed Deserialize_JustName_Works (76ms)
  TUnit.Engine.Exceptions.TestFailedException: InvalidOperationException: Each parameter in the deserialization constructor on type 'app.type.this' must bind to an object property or field on deserialization. Each parameter name and type must match with a property or field on the object. Fields are only considered when 'JsonSerializerOptions.IncludeFields' is enabled. The name match can be case-insensitive.
    at System.Text.Json.ThrowHelper.ThrowInvalidOperationException_ConstructorParameterIncompleteBinding(Type parentType)
    at System.Text.Json.Serialization.Converters.ObjectWithParameterizedConstructorConverter`1.OnTryRead(Utf8JsonReader& reader, Type typeToConvert, JsonSerializerOptions options, ReadStack& state, T& value)
    at System.Text.Json.Serialization.JsonConverter`1.TryRead(Utf8JsonReader& reader, Type typeToConvert, JsonSerializerOptions options, ReadStack& state, T& value, Boolean& isPopulatedValue)
    at System.Text.Json.Serialization.JsonConverter`1.ReadCore(Utf8JsonReader& reader, T& value, JsonSerializerOptions options, ReadStack& state)
    at System.Text.Json.Serialization.Metadata.JsonTypeInfo`1.Deserialize(Utf8JsonReader& reader, ReadStack& state)
    at System.Text.Json.JsonSerializer.ReadFromSpan[TValue](ReadOnlySpan`1 utf8Json, JsonTypeInfo`1 jsonTypeInfo, Nullable`1 actualByteCount)
    at System.Text.Json.JsonSerializer.ReadFromSpan[TValue](ReadOnlySpan`1 json, JsonTypeInfo`1 jsonTypeInfo)
    at PLang.Tests.App.TypeKindStrict.TypeValueModelTests.TypeJsonRoundTripTests.Deserialize_JustName_Works() in /workspace/plang/PLang.Tests/Types/App/TypeKindStrict/TypeValueModelTests/TypeJsonRoundTripTests.cs:12
failed Deserialize_FullDict_Works (83ms)
  TUnit.Engine.Exceptions.TestFailedException: InvalidOperationException: Each parameter in the deserialization constructor on type 'app.type.this' must bind to an object property or field on deserialization. Each parameter name and type must match with a property or field on the object. Fields are only considered when 'JsonSerializerOptions.IncludeFields' is enabled. The name match can be case-insensitive.
    at System.Text.Json.ThrowHelper.ThrowInvalidOperationException_ConstructorParameterIncompleteBinding(Type parentType)
    at System.Text.Json.Serialization.Converters.ObjectWithParameterizedConstructorConverter`1.OnTryRead(Utf8JsonReader& reader, Type typeToConvert, JsonSerializerOptions options, ReadStack& state, T& value)
    at System.Text.Json.Serialization.JsonConverter`1.TryRead(Utf8JsonReader& reader, Type typeToConvert, JsonSerializerOptions options, ReadStack& state, T& value, Boolean& isPopulatedValue)
    at System.Text.Json.Serialization.JsonConverter`1.ReadCore(Utf8JsonReader& reader, T& value, JsonSerializerOptions options, ReadStack& state)
    at System.Text.Json.Serialization.Metadata.JsonTypeInfo`1.Deserialize(Utf8JsonReader& reader, ReadStack& state)
    at System.Text.Json.JsonSerializer.ReadFromSpan[TValue](ReadOnlySpan`1 utf8Json, JsonTypeInfo`1 jsonTypeInfo, Nullable`1 actualByteCount)
    at System.Text.Json.JsonSerializer.ReadFromSpan[TValue](ReadOnlySpan`1 json, JsonTypeInfo`1 jsonTypeInfo)
    at PLang.Tests.App.TypeKindStrict.TypeValueModelTests.TypeJsonRoundTripTests.Deserialize_FullDict_Works() in /workspace/plang/PLang.Tests/Types/App/TypeKindStrict/TypeValueModelTests/TypeJsonRoundTripTests.cs:20
failed Data_Materialization_CachesResultOnFirstAccess (26ms)
  TUnit.Engine.Exceptions.TestFailedException: KeyNotFoundException: No PLang type registered under name 'json'.
    at app.type.list.this.get_Item(String typeName) in /workspace/plang/PLang/app/type/list/this.cs:262
    at app.type.this.Create(Object raw, this context) in /workspace/plang/PLang/app/type/this.cs:261
    at app.data.this..ctor(String name, Object value, this type, this parent, this context) in /workspace/plang/PLang/app/data/this.cs:250
    at PLang.Tests.App.TypedReturnsTests.Stage0_DataMaterializationTests.Data_Materialization_CachesResultOnFirstAccess() in /workspace/plang/PLang.Tests/Types/App/TypedReturnsTests/Stage0_DataMaterializationTests.cs:51
failed Data_PropertyAccess_UsesDeclaredTypeForMaterialization (26ms)
  TUnit.Engine.Exceptions.TestFailedException: KeyNotFoundException: No PLang type registered under name 'json'.
    at app.type.list.this.get_Item(String typeName) in /workspace/plang/PLang/app/type/list/this.cs:262
    at app.type.this.Create(Object raw, this context) in /workspace/plang/PLang/app/type/this.cs:261
    at app.data.this..ctor(String name, Object value, this type, this parent, this context) in /workspace/plang/PLang/app/data/this.cs:250
    at PLang.Tests.App.TypedReturnsTests.Stage0_DataMaterializationTests.Data_PropertyAccess_UsesDeclaredTypeForMaterialization() in /workspace/plang/PLang.Tests/Types/App/TypedReturnsTests/Stage0_DataMaterializationTests.cs:38
failed ModulesDescribe_BuilderRecordHandlers_AdvertiseConcreteReturnTypes (90ms)
  TUnit.Engine.Exceptions.TestFailedException: NullReferenceException: Object reference not set to an instance of an object.
    at PLang.Tests.App.TypedReturnsTests.Stage2_MechanicalTypings_Part2Tests.ModulesDescribe_BuilderRecordHandlers_AdvertiseConcreteReturnTypes() in /workspace/plang/PLang.Tests/Types/App/TypedReturnsTests/Stage2_MechanicalTypings_Part2Tests.cs:107
failed LlmQuery_Build_NeitherSchemaNorFormat_ReturnsBareOk (34ms)
  TUnit.Engine.Exceptions.TestFailedException: AssertionException: Expected to be null
  but found [ValueRequired] 'messages' must have a value
  
  at Assert.That(resolveErr).IsNull()
failed LlmQuery_Build_WithSchema_ReturnsOkWithJson (34ms)
  TUnit.Engine.Exceptions.TestFailedException: AssertionException: Expected to be null
  but found [ValueRequired] 'messages' must have a value
  
  at Assert.That(resolveErr).IsNull()
failed LlmQuery_Build_WithFormatNoSchema_ReturnsOkWithFormatValue (34ms)
  TUnit.Engine.Exceptions.TestFailedException: AssertionException: Expected to be null
  but found [ValueRequired] 'messages' must have a value
  
  at Assert.That(resolveErr).IsNull()
failed Resolve_Context_NotStored_OnInstance (31ms)
  TUnit.Engine.Exceptions.TestFailedException: AssertionException: Expected to not be equal to this
  but both values are this
  
  at Assert.That(v.GetType().Name).IsNotEqualTo("this")
failed ReadText_OnDotPrFile_StillReturnsGoal_RegressionGuard (75ms)
  TUnit.Engine.Exceptions.TestFailedException: AssertionException: Expected to be true
  but found False
  
  at Assert.That((await read.Value()) is Goal).IsTrue()
failed Redirect_Signature_IsFreshForDestination_NotOriginalUrl (355ms)
  TUnit.Engine.Exceptions.TestFailedException: KeyNotFoundException: The given key was not present in the dictionary.
    at System.Text.Json.JsonElement.GetProperty(String propertyName)
    at PLang.Tests.App.Types.PathTests.Http.HttpPathRedirectTests.Redirect_Signature_IsFreshForDestination_NotOriginalUrl() in /workspace/plang/PLang.Tests/Types/App/Types/PathTests/Http/HttpPathRedirectTests.cs:189
failed SchemeHandler_Exposes_PublicSingleStringConstructor (4ms)
  TUnit.Engine.Exceptions.TestFailedException: AssertionException: Expected to not be null
  but value is null
  
  at Assert.That(ctor).IsNotNull()
failed LoadDll_SealedNameAsRendererTypeName_FailsWith_TypeLoadCollision (19ms)
  TUnit.Engine.Exceptions.TestFailedException: TypeLoadException: Could not load type 'app.type.catalog.ITypeRenderer' from assembly 'PLangLibrary, Version=0.2.1.0, Culture=neutral, PublicKeyToken=null'.
    at System.Reflection.RuntimeAssembly.GetExportedTypes()
    at app.type.list.Loader.Register(Assembly assembly, this registry) in /workspace/plang/PLang/app/type/list/Loader.cs:96
    at PLang.Tests.App.Types.RuntimeTypeLoadingTests.LoadDll_SealedNameAsRendererTypeName_FailsWith_TypeLoadCollision() in /workspace/plang/PLang.Tests/Types/App/Types/RuntimeTypeLoadingTests.cs:161
failed Formats_ExtensionToPlangName_ReadsThroughRegistry (13ms)
  TUnit.Engine.Exceptions.TestFailedException: AssertionException: Expected to be equal to System.Text.Json.Nodes.JsonNode
  but found 
  
  at Assert.That(_types.Get("json")).IsEqualTo(typeof(System.Text.Json.Nodes.JsonNode))
failed LoadDll_Money_RegistersTypeAndRenderer_ProducesExpectedWireString (15ms)
  TUnit.Engine.Exceptions.TestFailedException: TypeLoadException: Could not load type 'app.type.catalog.ITypeRenderer' from assembly 'PLangLibrary, Version=0.2.1.0, Culture=neutral, PublicKeyToken=null'.
    at System.Reflection.RuntimeAssembly.GetExportedTypes()
    at app.type.list.Loader.Register(Assembly assembly, this registry) in /workspace/plang/PLang/app/type/list/Loader.cs:96
    at PLang.Tests.App.Types.TypeProviderDllRoundtripTests.LoadDll_Money_RegistersTypeAndRenderer_ProducesExpectedWireString() in /workspace/plang/PLang.Tests/Types/App/Types/TypeProviderDllRoundtripTests.cs:21
failed LoadDll_CustomInt_OverridesBuiltInName_RuntimeRendererWins (33ms)
  TUnit.Engine.Exceptions.TestFailedException: TypeLoadException: Could not load type 'app.type.catalog.ITypeRenderer' from assembly 'PLangLibrary, Version=0.2.1.0, Culture=neutral, PublicKeyToken=null'.
    at System.Reflection.RuntimeAssembly.GetExportedTypes()
    at app.type.list.Loader.Register(Assembly assembly, this registry) in /workspace/plang/PLang/app/type/list/Loader.cs:96
    at PLang.Tests.App.Types.TypeProviderDllRoundtripTests.LoadDll_CustomInt_OverridesBuiltInName_RuntimeRendererWins() in /workspace/plang/PLang.Tests/Types/App/Types/TypeProviderDllRoundtripTests.cs:51
failed BuilderValidate_BuildReturnsOkWithTypeName_SetsTerminalVariableSetType (11ms)
  TUnit.Engine.Exceptions.TestFailedException: AssertionException: Expected to not be null
  but value is null
  
  at Assert.That(typeParam).IsNotNull()
failed BuilderValidate_OnlyOneTerminalVariableSetPerStep_LastInChainWins (10ms)
  TUnit.Engine.Exceptions.TestFailedException: AssertionException: Expected to not be null
  but value is null
  
  at Assert.That(lastType).IsNotNull()

Test run summary: Failed! - /workspace/plang/PLang.Tests/Types/bin/Debug/net10.0/PLang.Tests.Types.dll (net10.0|x64)
  total: 718
  failed: 28
  succeeded: 689
  skipped: 1
  duration: 5s 265ms
